{
  "RSpec": {
    "coverage": {
      "/home/ad/fshome6/u6/v/villheik/Documents/ratebeer/config/environment.rb": [
        null,
        1,
        null,
        null,
        1
      ],
      "/home/ad/fshome6/u6/v/villheik/Documents/ratebeer/config/application.rb": [
        1,
        null,
        1,
        null,
        null,
        null,
        1,
        null,
        1,
        1,
        1,
        null,
        null,
        null,
        null,
        null,
        null,
        null,
        null,
        null,
        null,
        null,
        null,
        null
      ],
      "/home/ad/fshome6/u6/v/villheik/Documents/ratebeer/config/boot.rb": [
        null,
        1,
        null,
        1
      ],
      "/home/ad/fshome6/u6/v/villheik/Documents/ratebeer/config/environments/test.rb": [
        1,
        null,
        null,
        null,
        null,
        null,
        null,
        1,
        null,
        null,
        null,
        null,
        1,
        null,
        null,
        1,
        1,
        null,
        null,
        1,
        1,
        null,
        null,
        1,
        null,
        null,
        1,
        null,
        null,
        null,
        null,
        1,
        null,
        null,
        1,
        null
      ],
      "/home/ad/fshome6/u6/v/villheik/Documents/ratebeer/config/initializers/backtrace_silencers.rb": [
        null,
        null,
        null,
        null,
        null,
        null,
        null
      ],
      "/home/ad/fshome6/u6/v/villheik/Documents/ratebeer/config/initializers/filter_parameter_logging.rb": [
        null,
        null,
        null,
        1
      ],
      "/home/ad/fshome6/u6/v/villheik/Documents/ratebeer/config/initializers/inflections.rb": [
        null,
        null,
        null,
        null,
        null,
        null,
        null,
        null,
        null,
        null,
        null,
        null,
        null,
        null,
        null,
        null
      ],
      "/home/ad/fshome6/u6/v/villheik/Documents/ratebeer/config/initializers/mime_types.rb": [
        null,
        null,
        null,
        null,
        null
      ],
      "/home/ad/fshome6/u6/v/villheik/Documents/ratebeer/config/initializers/secret_token.rb": [
        null,
        null,
        null,
        null,
        null,
        null,
        null,
        null,
        null,
        null,
        null,
        1
      ],
      "/home/ad/fshome6/u6/v/villheik/Documents/ratebeer/config/initializers/session_store.rb": [
        null,
        null,
        1
      ],
      "/home/ad/fshome6/u6/v/villheik/Documents/ratebeer/config/initializers/wrap_parameters.rb": [
        null,
        null,
        null,
        null,
        null,
        null,
        1,
        1,
        null,
        null,
        null,
        null,
        null,
        null
      ],
      "/home/ad/fshome6/u6/v/villheik/Documents/ratebeer/spec/factories.rb": [
        1,
        1,
        1,
        1,
        1,
        null,
        null,
        1,
        1,
        null,
        null,
        1,
        1,
        null,
        null,
        1,
        1,
        1,
        null,
        null,
        1,
        1,
        1,
        1,
        null,
        null
      ],
      "/home/ad/fshome6/u6/v/villheik/Documents/ratebeer/app/models/rating.rb": [
        1,
        1,
        1,
        null,
        1,
        null,
        null,
        null,
        1,
        0,
        null,
        null
      ],
      "/home/ad/fshome6/u6/v/villheik/Documents/ratebeer/config/routes.rb": [
        1,
        1,
        null,
        1,
        null,
        1,
        null,
        1,
        null,
        1,
        null,
        1,
        null,
        1,
        null,
        1,
        1,
        1,
        1,
        null,
        1,
        null,
        1,
        null,
        null,
        null,
        null,
        null,
        null,
        null,
        null,
        null,
        null,
        null,
        null,
        null,
        null,
        null,
        null,
        null,
        null,
        null,
        null,
        null,
        null,
        null,
        null,
        null,
        null,
        null,
        null,
        null,
        null,
        null,
        null,
        null,
        null,
        null,
        null,
        null,
        null,
        null,
        null,
        null,
        null,
        null,
        null,
        null,
        null,
        null,
        null,
        null,
        null,
        null,
        null,
        null,
        null,
        null,
        null,
        null
      ],
      "/home/ad/fshome6/u6/v/villheik/Documents/ratebeer/app/helpers/application_helper.rb": [
        1,
        null
      ],
      "/home/ad/fshome6/u6/v/villheik/Documents/ratebeer/app/helpers/beer_clubs_helper.rb": [
        1,
        null
      ],
      "/home/ad/fshome6/u6/v/villheik/Documents/ratebeer/app/helpers/beers_helper.rb": [
        1,
        null
      ],
      "/home/ad/fshome6/u6/v/villheik/Documents/ratebeer/app/helpers/breweries_helper.rb": [
        1,
        null
      ],
      "/home/ad/fshome6/u6/v/villheik/Documents/ratebeer/app/helpers/memberships_helper.rb": [
        1,
        null
      ],
      "/home/ad/fshome6/u6/v/villheik/Documents/ratebeer/app/helpers/users_helper.rb": [
        1,
        null
      ],
      "/home/ad/fshome6/u6/v/villheik/Documents/ratebeer/spec/support/helpers/own_test_helper.rb": [
        1,
        null,
        1,
        0,
        0,
        0,
        0,
        null,
        null,
        1,
        0,
        null,
        null,
        1,
        0,
        null,
        null,
        1,
        0,
        null,
        null,
        1,
        0,
        null,
        null,
        1,
        0,
        0,
        null,
        null,
        null,
        1,
        0,
        0,
        0,
        null,
        null
      ],
      "/home/ad/fshome6/u6/v/villheik/Documents/ratebeer/lib/beermapping_api.rb": [
        1,
        1,
        3,
        3,
        3,
        null,
        3,
        null,
        2,
        2,
        8,
        null,
        null,
        null,
        null,
        1,
        0,
        null,
        null
      ],
      "/home/ad/fshome6/u6/v/villheik/Documents/ratebeer/app/models/place.rb": [
        1,
        1,
        1,
        null,
        1,
        0,
        null,
        null
      ]
    },
    "timestamp": 1392292691
  }
}
